[2026-04-13T06:10:06.068+0000] {local_task_job_runner.py:120} INFO - ::group::Pre task execution logs
[2026-04-13T06:10:06.152+0000] {taskinstance.py:2076} INFO - Dependencies all met for dep_context=non-requeueable deps ti=<TaskInstance: egyptian_job_market_pipeline.scrape_wuzzuf scheduled__2026-04-12T06:00:00+00:00 [queued]>
[2026-04-13T06:10:06.170+0000] {taskinstance.py:2076} INFO - Dependencies all met for dep_context=requeueable deps ti=<TaskInstance: egyptian_job_market_pipeline.scrape_wuzzuf scheduled__2026-04-12T06:00:00+00:00 [queued]>
[2026-04-13T06:10:06.172+0000] {taskinstance.py:2306} INFO - Starting attempt 3 of 3
[2026-04-13T06:10:06.201+0000] {taskinstance.py:2330} INFO - Executing <Task(PythonOperator): scrape_wuzzuf> on 2026-04-12 06:00:00+00:00
[2026-04-13T06:10:06.220+0000] {standard_task_runner.py:90} INFO - Running: ['***', 'tasks', 'run', 'egyptian_job_market_pipeline', 'scrape_wuzzuf', 'scheduled__2026-04-12T06:00:00+00:00', '--job-id', '8', '--raw', '--subdir', 'DAGS_FOLDER/job_pipeline_dag.py', '--cfg-path', '/tmp/tmpv7wxazr6']
[2026-04-13T06:10:06.229+0000] {standard_task_runner.py:91} INFO - Job 8: Subtask scrape_wuzzuf
[2026-04-13T06:10:06.230+0000] {logging_mixin.py:188} WARNING - /home/***/.local/lib/python3.12/site-packages/***/task/task_runner/standard_task_runner.py:61 DeprecationWarning: This process (pid=644) is multi-threaded, use of fork() may lead to deadlocks in the child.
[2026-04-13T06:10:06.231+0000] {standard_task_runner.py:63} INFO - Started process 645 to run task
[2026-04-13T06:10:06.373+0000] {task_command.py:426} INFO - Running <TaskInstance: egyptian_job_market_pipeline.scrape_wuzzuf scheduled__2026-04-12T06:00:00+00:00 [running]> on host 94af5424b59b
[2026-04-13T06:10:06.594+0000] {taskinstance.py:2648} INFO - Exporting env vars: AIRFLOW_CTX_DAG_OWNER='salma' AIRFLOW_CTX_DAG_ID='egyptian_job_market_pipeline' AIRFLOW_CTX_TASK_ID='scrape_wuzzuf' AIRFLOW_CTX_EXECUTION_DATE='2026-04-12T06:00:00+00:00' AIRFLOW_CTX_TRY_NUMBER='3' AIRFLOW_CTX_DAG_RUN_ID='scheduled__2026-04-12T06:00:00+00:00'
[2026-04-13T06:10:06.596+0000] {taskinstance.py:430} INFO - ::endgroup::
[2026-04-13T06:10:06.657+0000] {taskinstance.py:441} INFO - ::group::Post task execution logs
[2026-04-13T06:10:06.658+0000] {taskinstance.py:2905} ERROR - Task failed with exception
Traceback (most recent call last):
  File "/usr/local/lib/python3.12/pathlib.py", line 1311, in mkdir
    os.mkdir(self, mode)
FileNotFoundError: [Errno 2] No such file or directory: '/opt/data/raw'

During handling of the above exception, another exception occurred:

Traceback (most recent call last):
  File "/home/airflow/.local/lib/python3.12/site-packages/airflow/models/taskinstance.py", line 460, in _execute_task
    result = _execute_callable(context=context, **execute_callable_kwargs)
             ^^^^^^^^^^^^^^^^^^^^^^^^^^^^^^^^^^^^^^^^^^^^^^^^^^^^^^^^^^^^^
  File "/home/airflow/.local/lib/python3.12/site-packages/airflow/models/taskinstance.py", line 432, in _execute_callable
    return execute_callable(context=context, **execute_callable_kwargs)
           ^^^^^^^^^^^^^^^^^^^^^^^^^^^^^^^^^^^^^^^^^^^^^^^^^^^^^^^^^^^^
  File "/home/airflow/.local/lib/python3.12/site-packages/airflow/models/baseoperator.py", line 400, in wrapper
    return func(self, *args, **kwargs)
           ^^^^^^^^^^^^^^^^^^^^^^^^^^^
  File "/home/airflow/.local/lib/python3.12/site-packages/airflow/operators/python.py", line 235, in execute
    return_value = self.execute_callable()
                   ^^^^^^^^^^^^^^^^^^^^^^^
  File "/home/airflow/.local/lib/python3.12/site-packages/airflow/operators/python.py", line 252, in execute_callable
    return self.python_callable(*self.op_args, **self.op_kwargs)
           ^^^^^^^^^^^^^^^^^^^^^^^^^^^^^^^^^^^^^^^^^^^^^^^^^^^^^
  File "/opt/airflow/dags/job_pipeline_dag.py", line 60, in scrape_wuzzuf
    RAW_DIR.mkdir(parents=True, exist_ok=True)
  File "/usr/local/lib/python3.12/pathlib.py", line 1315, in mkdir
    self.parent.mkdir(parents=True, exist_ok=True)
  File "/usr/local/lib/python3.12/pathlib.py", line 1311, in mkdir
    os.mkdir(self, mode)
PermissionError: [Errno 13] Permission denied: '/opt/data'
[2026-04-13T06:10:06.688+0000] {taskinstance.py:1206} INFO - Marking task as FAILED. dag_id=egyptian_job_market_pipeline, task_id=scrape_wuzzuf, run_id=scheduled__2026-04-12T06:00:00+00:00, execution_date=20260412T060000, start_date=20260413T061006, end_date=20260413T061006
[2026-04-13T06:10:06.721+0000] {standard_task_runner.py:110} ERROR - Failed to execute job 8 for task scrape_wuzzuf ([Errno 13] Permission denied: '/opt/data'; 645)
[2026-04-13T06:10:06.757+0000] {local_task_job_runner.py:240} INFO - Task exited with return code 1
[2026-04-13T06:10:06.807+0000] {taskinstance.py:3498} INFO - 0 downstream tasks scheduled from follow-on schedule check
[2026-04-13T06:10:06.816+0000] {local_task_job_runner.py:222} INFO - ::endgroup::
