[2026-04-13T06:10:11.158+0000] {local_task_job_runner.py:120} INFO - ::group::Pre task execution logs
[2026-04-13T06:10:11.243+0000] {taskinstance.py:2076} INFO - Dependencies all met for dep_context=non-requeueable deps ti=<TaskInstance: egyptian_job_market_pipeline.pipeline_summary scheduled__2026-04-12T06:00:00+00:00 [queued]>
[2026-04-13T06:10:11.263+0000] {taskinstance.py:2076} INFO - Dependencies all met for dep_context=requeueable deps ti=<TaskInstance: egyptian_job_market_pipeline.pipeline_summary scheduled__2026-04-12T06:00:00+00:00 [queued]>
[2026-04-13T06:10:11.265+0000] {taskinstance.py:2306} INFO - Starting attempt 1 of 3
[2026-04-13T06:10:11.300+0000] {taskinstance.py:2330} INFO - Executing <Task(PythonOperator): pipeline_summary> on 2026-04-12 06:00:00+00:00
[2026-04-13T06:10:11.320+0000] {standard_task_runner.py:90} INFO - Running: ['***', 'tasks', 'run', 'egyptian_job_market_pipeline', 'pipeline_summary', 'scheduled__2026-04-12T06:00:00+00:00', '--job-id', '9', '--raw', '--subdir', 'DAGS_FOLDER/job_pipeline_dag.py', '--cfg-path', '/tmp/tmpztizpudo']
[2026-04-13T06:10:11.325+0000] {logging_mixin.py:188} WARNING - /home/***/.local/lib/python3.12/site-packages/***/task/task_runner/standard_task_runner.py:61 DeprecationWarning: This process (pid=646) is multi-threaded, use of fork() may lead to deadlocks in the child.
[2026-04-13T06:10:11.327+0000] {standard_task_runner.py:91} INFO - Job 9: Subtask pipeline_summary
[2026-04-13T06:10:11.327+0000] {standard_task_runner.py:63} INFO - Started process 647 to run task
[2026-04-13T06:10:11.477+0000] {task_command.py:426} INFO - Running <TaskInstance: egyptian_job_market_pipeline.pipeline_summary scheduled__2026-04-12T06:00:00+00:00 [running]> on host 94af5424b59b
[2026-04-13T06:10:11.688+0000] {taskinstance.py:2648} INFO - Exporting env vars: AIRFLOW_CTX_DAG_OWNER='salma' AIRFLOW_CTX_DAG_ID='egyptian_job_market_pipeline' AIRFLOW_CTX_TASK_ID='pipeline_summary' AIRFLOW_CTX_EXECUTION_DATE='2026-04-12T06:00:00+00:00' AIRFLOW_CTX_TRY_NUMBER='1' AIRFLOW_CTX_DAG_RUN_ID='scheduled__2026-04-12T06:00:00+00:00'
[2026-04-13T06:10:11.690+0000] {taskinstance.py:430} INFO - ::endgroup::
[2026-04-13T06:10:11.820+0000] {job_pipeline_dag.py:239} INFO - =======================================================
[2026-04-13T06:10:11.822+0000] {job_pipeline_dag.py:240} INFO - PIPELINE RUN SUMMARY — 2026-04-12
[2026-04-13T06:10:11.823+0000] {job_pipeline_dag.py:241} INFO -   Raw jobs scraped  : 0
[2026-04-13T06:10:11.823+0000] {job_pipeline_dag.py:242} INFO -   Published to Kafka: 0
[2026-04-13T06:10:11.825+0000] {job_pipeline_dag.py:243} INFO -   Cleaned jobs      : 0
[2026-04-13T06:10:11.825+0000] {job_pipeline_dag.py:244} INFO -   Staging files     : 0
[2026-04-13T06:10:11.826+0000] {job_pipeline_dag.py:245} INFO -   Kafka mode        : unknown
[2026-04-13T06:10:11.827+0000] {job_pipeline_dag.py:246} INFO - =======================================================
[2026-04-13T06:10:11.828+0000] {python.py:237} INFO - Done. Returned value was: {'run_date': '2026-04-12', 'raw_jobs': 0, 'published': 0, 'cleaned': 0, 'staging_files': 0, 'kafka_mode': 'unknown'}
[2026-04-13T06:10:11.828+0000] {taskinstance.py:441} INFO - ::group::Post task execution logs
[2026-04-13T06:10:11.884+0000] {taskinstance.py:1206} INFO - Marking task as SUCCESS. dag_id=egyptian_job_market_pipeline, task_id=pipeline_summary, run_id=scheduled__2026-04-12T06:00:00+00:00, execution_date=20260412T060000, start_date=20260413T061011, end_date=20260413T061011
[2026-04-13T06:10:11.956+0000] {local_task_job_runner.py:240} INFO - Task exited with return code 0
[2026-04-13T06:10:12.011+0000] {taskinstance.py:3498} INFO - 0 downstream tasks scheduled from follow-on schedule check
[2026-04-13T06:10:12.015+0000] {local_task_job_runner.py:222} INFO - ::endgroup::
