[2026-04-13T05:24:00.072+0000] {processor.py:161} INFO - Started process (PID=172) to work on /opt/airflow/dags/job_pipeline_dag.py
[2026-04-13T05:24:00.074+0000] {processor.py:830} INFO - Processing file /opt/airflow/dags/job_pipeline_dag.py for tasks to queue
[2026-04-13T05:24:00.075+0000] {logging_mixin.py:188} INFO - [2026-04-13T05:24:00.075+0000] {dagbag.py:545} INFO - Filling up the DagBag from /opt/airflow/dags/job_pipeline_dag.py
[2026-04-13T05:24:00.096+0000] {logging_mixin.py:188} INFO - [2026-04-13T05:24:00.091+0000] {dagbag.py:355} ERROR - Failed to import: /opt/airflow/dags/job_pipeline_dag.py
Traceback (most recent call last):
  File "/home/airflow/.local/lib/python3.12/site-packages/airflow/models/dagbag.py", line 351, in parse
    loader.exec_module(new_module)
  File "<frozen importlib._bootstrap_external>", line 995, in exec_module
  File "<frozen importlib._bootstrap>", line 488, in _call_with_frames_removed
  File "/opt/airflow/dags/job_pipeline_dag.py", line 37, in <module>
    from airflow.providers.standard.operators.python import PythonOperator
ModuleNotFoundError: No module named 'airflow.providers.standard'
[2026-04-13T05:24:00.105+0000] {processor.py:842} WARNING - No viable dags retrieved from /opt/airflow/dags/job_pipeline_dag.py
[2026-04-13T05:24:00.132+0000] {processor.py:183} INFO - Processing /opt/airflow/dags/job_pipeline_dag.py took 0.066 seconds
[2026-04-13T05:24:32.067+0000] {processor.py:161} INFO - Started process (PID=177) to work on /opt/airflow/dags/job_pipeline_dag.py
[2026-04-13T05:24:32.094+0000] {processor.py:830} INFO - Processing file /opt/airflow/dags/job_pipeline_dag.py for tasks to queue
[2026-04-13T05:24:32.099+0000] {logging_mixin.py:188} INFO - [2026-04-13T05:24:32.098+0000] {dagbag.py:545} INFO - Filling up the DagBag from /opt/airflow/dags/job_pipeline_dag.py
[2026-04-13T05:24:32.512+0000] {logging_mixin.py:188} INFO - [2026-04-13T05:24:32.481+0000] {dagbag.py:355} ERROR - Failed to import: /opt/airflow/dags/job_pipeline_dag.py
Traceback (most recent call last):
  File "/home/airflow/.local/lib/python3.12/site-packages/airflow/models/dagbag.py", line 351, in parse
    loader.exec_module(new_module)
  File "<frozen importlib._bootstrap_external>", line 995, in exec_module
  File "<frozen importlib._bootstrap>", line 488, in _call_with_frames_removed
  File "/opt/airflow/dags/job_pipeline_dag.py", line 37, in <module>
    from airflow.providers.standard.operators.python import PythonOperator
ModuleNotFoundError: No module named 'airflow.providers.standard'
[2026-04-13T05:24:32.515+0000] {processor.py:842} WARNING - No viable dags retrieved from /opt/airflow/dags/job_pipeline_dag.py
[2026-04-13T05:24:32.694+0000] {processor.py:183} INFO - Processing /opt/airflow/dags/job_pipeline_dag.py took 1.272 seconds
[2026-04-13T05:25:03.003+0000] {processor.py:161} INFO - Started process (PID=182) to work on /opt/airflow/dags/job_pipeline_dag.py
[2026-04-13T05:25:03.004+0000] {processor.py:830} INFO - Processing file /opt/airflow/dags/job_pipeline_dag.py for tasks to queue
[2026-04-13T05:25:03.008+0000] {logging_mixin.py:188} INFO - [2026-04-13T05:25:03.007+0000] {dagbag.py:545} INFO - Filling up the DagBag from /opt/airflow/dags/job_pipeline_dag.py
[2026-04-13T05:25:03.047+0000] {logging_mixin.py:188} INFO - [2026-04-13T05:25:03.041+0000] {dagbag.py:355} ERROR - Failed to import: /opt/airflow/dags/job_pipeline_dag.py
Traceback (most recent call last):
  File "/home/airflow/.local/lib/python3.12/site-packages/airflow/models/dagbag.py", line 351, in parse
    loader.exec_module(new_module)
  File "<frozen importlib._bootstrap_external>", line 995, in exec_module
  File "<frozen importlib._bootstrap>", line 488, in _call_with_frames_removed
  File "/opt/airflow/dags/job_pipeline_dag.py", line 37, in <module>
    from airflow.providers.standard.operators.python import PythonOperator
ModuleNotFoundError: No module named 'airflow.providers.standard'
[2026-04-13T05:25:03.049+0000] {processor.py:842} WARNING - No viable dags retrieved from /opt/airflow/dags/job_pipeline_dag.py
[2026-04-13T05:25:03.082+0000] {processor.py:183} INFO - Processing /opt/airflow/dags/job_pipeline_dag.py took 0.088 seconds
[2026-04-13T05:25:34.118+0000] {processor.py:161} INFO - Started process (PID=187) to work on /opt/airflow/dags/job_pipeline_dag.py
[2026-04-13T05:25:34.130+0000] {processor.py:830} INFO - Processing file /opt/airflow/dags/job_pipeline_dag.py for tasks to queue
[2026-04-13T05:25:34.158+0000] {logging_mixin.py:188} INFO - [2026-04-13T05:25:34.154+0000] {dagbag.py:545} INFO - Filling up the DagBag from /opt/airflow/dags/job_pipeline_dag.py
[2026-04-13T05:25:34.214+0000] {logging_mixin.py:188} INFO - [2026-04-13T05:25:34.207+0000] {dagbag.py:355} ERROR - Failed to import: /opt/airflow/dags/job_pipeline_dag.py
Traceback (most recent call last):
  File "/home/airflow/.local/lib/python3.12/site-packages/airflow/models/dagbag.py", line 351, in parse
    loader.exec_module(new_module)
  File "<frozen importlib._bootstrap_external>", line 995, in exec_module
  File "<frozen importlib._bootstrap>", line 488, in _call_with_frames_removed
  File "/opt/airflow/dags/job_pipeline_dag.py", line 37, in <module>
    from airflow.providers.standard.operators.python import PythonOperator
ModuleNotFoundError: No module named 'airflow.providers.standard'
[2026-04-13T05:25:34.216+0000] {processor.py:842} WARNING - No viable dags retrieved from /opt/airflow/dags/job_pipeline_dag.py
[2026-04-13T05:25:34.254+0000] {processor.py:183} INFO - Processing /opt/airflow/dags/job_pipeline_dag.py took 0.219 seconds
[2026-04-13T05:26:05.085+0000] {processor.py:161} INFO - Started process (PID=192) to work on /opt/airflow/dags/job_pipeline_dag.py
[2026-04-13T05:26:05.087+0000] {processor.py:830} INFO - Processing file /opt/airflow/dags/job_pipeline_dag.py for tasks to queue
[2026-04-13T05:26:05.092+0000] {logging_mixin.py:188} INFO - [2026-04-13T05:26:05.090+0000] {dagbag.py:545} INFO - Filling up the DagBag from /opt/airflow/dags/job_pipeline_dag.py
[2026-04-13T05:26:05.119+0000] {logging_mixin.py:188} INFO - [2026-04-13T05:26:05.113+0000] {dagbag.py:355} ERROR - Failed to import: /opt/airflow/dags/job_pipeline_dag.py
Traceback (most recent call last):
  File "/home/airflow/.local/lib/python3.12/site-packages/airflow/models/dagbag.py", line 351, in parse
    loader.exec_module(new_module)
  File "<frozen importlib._bootstrap_external>", line 995, in exec_module
  File "<frozen importlib._bootstrap>", line 488, in _call_with_frames_removed
  File "/opt/airflow/dags/job_pipeline_dag.py", line 37, in <module>
    from airflow.providers.standard.operators.python import PythonOperator
ModuleNotFoundError: No module named 'airflow.providers.standard'
[2026-04-13T05:26:05.122+0000] {processor.py:842} WARNING - No viable dags retrieved from /opt/airflow/dags/job_pipeline_dag.py
[2026-04-13T05:26:05.156+0000] {processor.py:183} INFO - Processing /opt/airflow/dags/job_pipeline_dag.py took 0.081 seconds
[2026-04-13T05:26:36.106+0000] {processor.py:161} INFO - Started process (PID=197) to work on /opt/airflow/dags/job_pipeline_dag.py
[2026-04-13T05:26:36.108+0000] {processor.py:830} INFO - Processing file /opt/airflow/dags/job_pipeline_dag.py for tasks to queue
[2026-04-13T05:26:36.113+0000] {logging_mixin.py:188} INFO - [2026-04-13T05:26:36.112+0000] {dagbag.py:545} INFO - Filling up the DagBag from /opt/airflow/dags/job_pipeline_dag.py
[2026-04-13T05:26:36.142+0000] {logging_mixin.py:188} INFO - [2026-04-13T05:26:36.135+0000] {dagbag.py:355} ERROR - Failed to import: /opt/airflow/dags/job_pipeline_dag.py
Traceback (most recent call last):
  File "/home/airflow/.local/lib/python3.12/site-packages/airflow/models/dagbag.py", line 351, in parse
    loader.exec_module(new_module)
  File "<frozen importlib._bootstrap_external>", line 995, in exec_module
  File "<frozen importlib._bootstrap>", line 488, in _call_with_frames_removed
  File "/opt/airflow/dags/job_pipeline_dag.py", line 37, in <module>
    from airflow.providers.standard.operators.python import PythonOperator
ModuleNotFoundError: No module named 'airflow.providers.standard'
[2026-04-13T05:26:36.144+0000] {processor.py:842} WARNING - No viable dags retrieved from /opt/airflow/dags/job_pipeline_dag.py
[2026-04-13T05:26:36.191+0000] {processor.py:183} INFO - Processing /opt/airflow/dags/job_pipeline_dag.py took 0.098 seconds
[2026-04-13T05:27:07.066+0000] {processor.py:161} INFO - Started process (PID=202) to work on /opt/airflow/dags/job_pipeline_dag.py
[2026-04-13T05:27:07.068+0000] {processor.py:830} INFO - Processing file /opt/airflow/dags/job_pipeline_dag.py for tasks to queue
[2026-04-13T05:27:07.070+0000] {logging_mixin.py:188} INFO - [2026-04-13T05:27:07.070+0000] {dagbag.py:545} INFO - Filling up the DagBag from /opt/airflow/dags/job_pipeline_dag.py
[2026-04-13T05:27:07.093+0000] {logging_mixin.py:188} INFO - [2026-04-13T05:27:07.087+0000] {dagbag.py:355} ERROR - Failed to import: /opt/airflow/dags/job_pipeline_dag.py
Traceback (most recent call last):
  File "/home/airflow/.local/lib/python3.12/site-packages/airflow/models/dagbag.py", line 351, in parse
    loader.exec_module(new_module)
  File "<frozen importlib._bootstrap_external>", line 995, in exec_module
  File "<frozen importlib._bootstrap>", line 488, in _call_with_frames_removed
  File "/opt/airflow/dags/job_pipeline_dag.py", line 37, in <module>
    from airflow.providers.standard.operators.python import PythonOperator
ModuleNotFoundError: No module named 'airflow.providers.standard'
[2026-04-13T05:27:07.095+0000] {processor.py:842} WARNING - No viable dags retrieved from /opt/airflow/dags/job_pipeline_dag.py
[2026-04-13T05:27:07.133+0000] {processor.py:183} INFO - Processing /opt/airflow/dags/job_pipeline_dag.py took 0.077 seconds
[2026-04-13T05:27:38.080+0000] {processor.py:161} INFO - Started process (PID=207) to work on /opt/airflow/dags/job_pipeline_dag.py
[2026-04-13T05:27:38.081+0000] {processor.py:830} INFO - Processing file /opt/airflow/dags/job_pipeline_dag.py for tasks to queue
[2026-04-13T05:27:38.085+0000] {logging_mixin.py:188} INFO - [2026-04-13T05:27:38.085+0000] {dagbag.py:545} INFO - Filling up the DagBag from /opt/airflow/dags/job_pipeline_dag.py
[2026-04-13T05:27:38.109+0000] {logging_mixin.py:188} INFO - [2026-04-13T05:27:38.103+0000] {dagbag.py:355} ERROR - Failed to import: /opt/airflow/dags/job_pipeline_dag.py
Traceback (most recent call last):
  File "/home/airflow/.local/lib/python3.12/site-packages/airflow/models/dagbag.py", line 351, in parse
    loader.exec_module(new_module)
  File "<frozen importlib._bootstrap_external>", line 995, in exec_module
  File "<frozen importlib._bootstrap>", line 488, in _call_with_frames_removed
  File "/opt/airflow/dags/job_pipeline_dag.py", line 37, in <module>
    from airflow.providers.standard.operators.python import PythonOperator
ModuleNotFoundError: No module named 'airflow.providers.standard'
[2026-04-13T05:27:38.111+0000] {processor.py:842} WARNING - No viable dags retrieved from /opt/airflow/dags/job_pipeline_dag.py
[2026-04-13T05:27:38.142+0000] {processor.py:183} INFO - Processing /opt/airflow/dags/job_pipeline_dag.py took 0.069 seconds
[2026-04-13T05:28:09.174+0000] {processor.py:161} INFO - Started process (PID=212) to work on /opt/airflow/dags/job_pipeline_dag.py
[2026-04-13T05:28:09.175+0000] {processor.py:830} INFO - Processing file /opt/airflow/dags/job_pipeline_dag.py for tasks to queue
[2026-04-13T05:28:09.183+0000] {logging_mixin.py:188} INFO - [2026-04-13T05:28:09.178+0000] {dagbag.py:545} INFO - Filling up the DagBag from /opt/airflow/dags/job_pipeline_dag.py
[2026-04-13T05:28:09.306+0000] {processor.py:840} INFO - DAG(s) 'egyptian_job_market_pipeline' retrieved from /opt/airflow/dags/job_pipeline_dag.py
[2026-04-13T05:28:09.845+0000] {logging_mixin.py:188} INFO - [2026-04-13T05:28:09.843+0000] {override.py:1829} INFO - Created Permission View: can edit on DAG:egyptian_job_market_pipeline
[2026-04-13T05:28:09.861+0000] {logging_mixin.py:188} INFO - [2026-04-13T05:28:09.861+0000] {override.py:1829} INFO - Created Permission View: can read on DAG:egyptian_job_market_pipeline
[2026-04-13T05:28:09.871+0000] {logging_mixin.py:188} INFO - [2026-04-13T05:28:09.870+0000] {override.py:1829} INFO - Created Permission View: can delete on DAG:egyptian_job_market_pipeline
[2026-04-13T05:28:09.872+0000] {logging_mixin.py:188} INFO - [2026-04-13T05:28:09.872+0000] {dag.py:3096} INFO - Sync 1 DAGs
[2026-04-13T05:28:09.893+0000] {logging_mixin.py:188} INFO - [2026-04-13T05:28:09.893+0000] {dag.py:3118} INFO - Creating ORM DAG for egyptian_job_market_pipeline
[2026-04-13T05:28:09.914+0000] {logging_mixin.py:188} INFO - [2026-04-13T05:28:09.913+0000] {dag.py:3954} INFO - Setting next_dagrun for egyptian_job_market_pipeline to 2026-04-11 06:00:00+00:00, run_after=2026-04-12 06:00:00+00:00
[2026-04-13T05:28:09.951+0000] {processor.py:183} INFO - Processing /opt/airflow/dags/job_pipeline_dag.py took 0.786 seconds
[2026-04-13T05:28:40.091+0000] {processor.py:161} INFO - Started process (PID=219) to work on /opt/airflow/dags/job_pipeline_dag.py
[2026-04-13T05:28:40.093+0000] {processor.py:830} INFO - Processing file /opt/airflow/dags/job_pipeline_dag.py for tasks to queue
[2026-04-13T05:28:40.095+0000] {logging_mixin.py:188} INFO - [2026-04-13T05:28:40.095+0000] {dagbag.py:545} INFO - Filling up the DagBag from /opt/airflow/dags/job_pipeline_dag.py
[2026-04-13T05:28:40.126+0000] {processor.py:840} INFO - DAG(s) 'egyptian_job_market_pipeline' retrieved from /opt/airflow/dags/job_pipeline_dag.py
[2026-04-13T05:28:40.168+0000] {logging_mixin.py:188} INFO - [2026-04-13T05:28:40.168+0000] {dag.py:3096} INFO - Sync 1 DAGs
[2026-04-13T05:28:40.217+0000] {processor.py:183} INFO - Processing /opt/airflow/dags/job_pipeline_dag.py took 0.135 seconds
[2026-04-13T05:29:11.006+0000] {processor.py:161} INFO - Started process (PID=224) to work on /opt/airflow/dags/job_pipeline_dag.py
[2026-04-13T05:29:11.007+0000] {processor.py:830} INFO - Processing file /opt/airflow/dags/job_pipeline_dag.py for tasks to queue
[2026-04-13T05:29:11.009+0000] {logging_mixin.py:188} INFO - [2026-04-13T05:29:11.009+0000] {dagbag.py:545} INFO - Filling up the DagBag from /opt/airflow/dags/job_pipeline_dag.py
[2026-04-13T05:29:11.038+0000] {processor.py:840} INFO - DAG(s) 'egyptian_job_market_pipeline' retrieved from /opt/airflow/dags/job_pipeline_dag.py
[2026-04-13T05:29:11.074+0000] {logging_mixin.py:188} INFO - [2026-04-13T05:29:11.074+0000] {dag.py:3096} INFO - Sync 1 DAGs
[2026-04-13T05:29:11.134+0000] {processor.py:183} INFO - Processing /opt/airflow/dags/job_pipeline_dag.py took 0.135 seconds
[2026-04-13T05:29:41.936+0000] {processor.py:161} INFO - Started process (PID=229) to work on /opt/airflow/dags/job_pipeline_dag.py
[2026-04-13T05:29:41.938+0000] {processor.py:830} INFO - Processing file /opt/airflow/dags/job_pipeline_dag.py for tasks to queue
[2026-04-13T05:29:41.941+0000] {logging_mixin.py:188} INFO - [2026-04-13T05:29:41.940+0000] {dagbag.py:545} INFO - Filling up the DagBag from /opt/airflow/dags/job_pipeline_dag.py
[2026-04-13T05:29:41.969+0000] {processor.py:840} INFO - DAG(s) 'egyptian_job_market_pipeline' retrieved from /opt/airflow/dags/job_pipeline_dag.py
[2026-04-13T05:29:42.012+0000] {logging_mixin.py:188} INFO - [2026-04-13T05:29:42.012+0000] {dag.py:3096} INFO - Sync 1 DAGs
[2026-04-13T05:29:42.063+0000] {processor.py:183} INFO - Processing /opt/airflow/dags/job_pipeline_dag.py took 0.134 seconds
[2026-04-13T05:30:12.701+0000] {processor.py:161} INFO - Started process (PID=234) to work on /opt/airflow/dags/job_pipeline_dag.py
[2026-04-13T05:30:12.702+0000] {processor.py:830} INFO - Processing file /opt/airflow/dags/job_pipeline_dag.py for tasks to queue
[2026-04-13T05:30:12.705+0000] {logging_mixin.py:188} INFO - [2026-04-13T05:30:12.704+0000] {dagbag.py:545} INFO - Filling up the DagBag from /opt/airflow/dags/job_pipeline_dag.py
[2026-04-13T05:30:12.751+0000] {processor.py:840} INFO - DAG(s) 'egyptian_job_market_pipeline' retrieved from /opt/airflow/dags/job_pipeline_dag.py
[2026-04-13T05:30:12.791+0000] {logging_mixin.py:188} INFO - [2026-04-13T05:30:12.791+0000] {dag.py:3096} INFO - Sync 1 DAGs
[2026-04-13T05:30:12.847+0000] {processor.py:183} INFO - Processing /opt/airflow/dags/job_pipeline_dag.py took 0.154 seconds
