[2026-04-13T05:38:13.005+0000] {local_task_job_runner.py:120} INFO - ::group::Pre task execution logs
[2026-04-13T05:38:13.063+0000] {taskinstance.py:2076} INFO - Dependencies all met for dep_context=non-requeueable deps ti=<TaskInstance: egyptian_job_market_pipeline.scrape_wuzzuf scheduled__2026-04-11T06:00:00+00:00 [queued]>
[2026-04-13T05:38:13.074+0000] {taskinstance.py:2076} INFO - Dependencies all met for dep_context=requeueable deps ti=<TaskInstance: egyptian_job_market_pipeline.scrape_wuzzuf scheduled__2026-04-11T06:00:00+00:00 [queued]>
[2026-04-13T05:38:13.075+0000] {taskinstance.py:2306} INFO - Starting attempt 3 of 3
[2026-04-13T05:38:13.090+0000] {taskinstance.py:2330} INFO - Executing <Task(PythonOperator): scrape_wuzzuf> on 2026-04-11 06:00:00+00:00
[2026-04-13T05:38:13.100+0000] {standard_task_runner.py:90} INFO - Running: ['***', 'tasks', 'run', 'egyptian_job_market_pipeline', 'scrape_wuzzuf', 'scheduled__2026-04-11T06:00:00+00:00', '--job-id', '4', '--raw', '--subdir', 'DAGS_FOLDER/job_pipeline_dag.py', '--cfg-path', '/tmp/tmpv2b8vf4o']
[2026-04-13T05:38:13.102+0000] {logging_mixin.py:188} WARNING - /home/***/.local/lib/python3.12/site-packages/***/task/task_runner/standard_task_runner.py:61 DeprecationWarning: This process (pid=316) is multi-threaded, use of fork() may lead to deadlocks in the child.
[2026-04-13T05:38:13.102+0000] {standard_task_runner.py:91} INFO - Job 4: Subtask scrape_wuzzuf
[2026-04-13T05:38:13.102+0000] {standard_task_runner.py:63} INFO - Started process 317 to run task
[2026-04-13T05:38:13.196+0000] {task_command.py:426} INFO - Running <TaskInstance: egyptian_job_market_pipeline.scrape_wuzzuf scheduled__2026-04-11T06:00:00+00:00 [running]> on host 94af5424b59b
[2026-04-13T05:38:13.307+0000] {taskinstance.py:2648} INFO - Exporting env vars: AIRFLOW_CTX_DAG_OWNER='salma' AIRFLOW_CTX_DAG_ID='egyptian_job_market_pipeline' AIRFLOW_CTX_TASK_ID='scrape_wuzzuf' AIRFLOW_CTX_EXECUTION_DATE='2026-04-11T06:00:00+00:00' AIRFLOW_CTX_TRY_NUMBER='3' AIRFLOW_CTX_DAG_RUN_ID='scheduled__2026-04-11T06:00:00+00:00'
[2026-04-13T05:38:13.309+0000] {taskinstance.py:430} INFO - ::endgroup::
[2026-04-13T05:38:13.337+0000] {taskinstance.py:441} INFO - ::group::Post task execution logs
[2026-04-13T05:38:13.338+0000] {taskinstance.py:2905} ERROR - Task failed with exception
Traceback (most recent call last):
  File "/home/airflow/.local/lib/python3.12/site-packages/airflow/models/taskinstance.py", line 460, in _execute_task
    result = _execute_callable(context=context, **execute_callable_kwargs)
             ^^^^^^^^^^^^^^^^^^^^^^^^^^^^^^^^^^^^^^^^^^^^^^^^^^^^^^^^^^^^^
  File "/home/airflow/.local/lib/python3.12/site-packages/airflow/models/taskinstance.py", line 432, in _execute_callable
    return execute_callable(context=context, **execute_callable_kwargs)
           ^^^^^^^^^^^^^^^^^^^^^^^^^^^^^^^^^^^^^^^^^^^^^^^^^^^^^^^^^^^^
  File "/home/airflow/.local/lib/python3.12/site-packages/airflow/models/baseoperator.py", line 400, in wrapper
    return func(self, *args, **kwargs)
           ^^^^^^^^^^^^^^^^^^^^^^^^^^^
  File "/home/airflow/.local/lib/python3.12/site-packages/airflow/operators/python.py", line 235, in execute
    return_value = self.execute_callable()
                   ^^^^^^^^^^^^^^^^^^^^^^^
  File "/home/airflow/.local/lib/python3.12/site-packages/airflow/operators/python.py", line 252, in execute_callable
    return self.python_callable(*self.op_args, **self.op_kwargs)
           ^^^^^^^^^^^^^^^^^^^^^^^^^^^^^^^^^^^^^^^^^^^^^^^^^^^^^
  File "/opt/airflow/dags/job_pipeline_dag.py", line 78, in scrape_wuzzuf
    from scraper.mock_data_generator import generate
ModuleNotFoundError: No module named 'scraper.mock_data_generator'
[2026-04-13T05:38:13.363+0000] {taskinstance.py:1206} INFO - Marking task as FAILED. dag_id=egyptian_job_market_pipeline, task_id=scrape_wuzzuf, run_id=scheduled__2026-04-11T06:00:00+00:00, execution_date=20260411T060000, start_date=20260413T053813, end_date=20260413T053813
[2026-04-13T05:38:13.381+0000] {standard_task_runner.py:110} ERROR - Failed to execute job 4 for task scrape_wuzzuf (No module named 'scraper.mock_data_generator'; 317)
[2026-04-13T05:38:13.403+0000] {local_task_job_runner.py:240} INFO - Task exited with return code 1
[2026-04-13T05:38:13.438+0000] {taskinstance.py:3498} INFO - 0 downstream tasks scheduled from follow-on schedule check
[2026-04-13T05:38:13.444+0000] {local_task_job_runner.py:222} INFO - ::endgroup::
