[2026-04-13T05:33:11.745+0000] {local_task_job_runner.py:120} INFO - ::group::Pre task execution logs
[2026-04-13T05:33:11.788+0000] {taskinstance.py:2076} INFO - Dependencies all met for dep_context=non-requeueable deps ti=<TaskInstance: egyptian_job_market_pipeline.scrape_wuzzuf scheduled__2026-04-11T06:00:00+00:00 [queued]>
[2026-04-13T05:33:11.797+0000] {taskinstance.py:2076} INFO - Dependencies all met for dep_context=requeueable deps ti=<TaskInstance: egyptian_job_market_pipeline.scrape_wuzzuf scheduled__2026-04-11T06:00:00+00:00 [queued]>
[2026-04-13T05:33:11.798+0000] {taskinstance.py:2306} INFO - Starting attempt 2 of 3
[2026-04-13T05:33:11.814+0000] {taskinstance.py:2330} INFO - Executing <Task(PythonOperator): scrape_wuzzuf> on 2026-04-11 06:00:00+00:00
[2026-04-13T05:33:11.829+0000] {logging_mixin.py:188} WARNING - /home/***/.local/lib/python3.12/site-packages/***/task/task_runner/standard_task_runner.py:61 DeprecationWarning: This process (pid=264) is multi-threaded, use of fork() may lead to deadlocks in the child.
[2026-04-13T05:33:11.826+0000] {standard_task_runner.py:90} INFO - Running: ['***', 'tasks', 'run', 'egyptian_job_market_pipeline', 'scrape_wuzzuf', 'scheduled__2026-04-11T06:00:00+00:00', '--job-id', '3', '--raw', '--subdir', 'DAGS_FOLDER/job_pipeline_dag.py', '--cfg-path', '/tmp/tmp7oozc845']
[2026-04-13T05:33:11.831+0000] {standard_task_runner.py:63} INFO - Started process 265 to run task
[2026-04-13T05:33:11.831+0000] {standard_task_runner.py:91} INFO - Job 3: Subtask scrape_wuzzuf
[2026-04-13T05:33:11.931+0000] {task_command.py:426} INFO - Running <TaskInstance: egyptian_job_market_pipeline.scrape_wuzzuf scheduled__2026-04-11T06:00:00+00:00 [running]> on host 94af5424b59b
[2026-04-13T05:33:12.050+0000] {taskinstance.py:2648} INFO - Exporting env vars: AIRFLOW_CTX_DAG_OWNER='salma' AIRFLOW_CTX_DAG_ID='egyptian_job_market_pipeline' AIRFLOW_CTX_TASK_ID='scrape_wuzzuf' AIRFLOW_CTX_EXECUTION_DATE='2026-04-11T06:00:00+00:00' AIRFLOW_CTX_TRY_NUMBER='2' AIRFLOW_CTX_DAG_RUN_ID='scheduled__2026-04-11T06:00:00+00:00'
[2026-04-13T05:33:12.052+0000] {taskinstance.py:430} INFO - ::endgroup::
[2026-04-13T05:33:12.083+0000] {taskinstance.py:441} INFO - ::group::Post task execution logs
[2026-04-13T05:33:12.084+0000] {taskinstance.py:2905} ERROR - Task failed with exception
Traceback (most recent call last):
  File "/home/airflow/.local/lib/python3.12/site-packages/airflow/models/taskinstance.py", line 460, in _execute_task
    result = _execute_callable(context=context, **execute_callable_kwargs)
             ^^^^^^^^^^^^^^^^^^^^^^^^^^^^^^^^^^^^^^^^^^^^^^^^^^^^^^^^^^^^^
  File "/home/airflow/.local/lib/python3.12/site-packages/airflow/models/taskinstance.py", line 432, in _execute_callable
    return execute_callable(context=context, **execute_callable_kwargs)
           ^^^^^^^^^^^^^^^^^^^^^^^^^^^^^^^^^^^^^^^^^^^^^^^^^^^^^^^^^^^^
  File "/home/airflow/.local/lib/python3.12/site-packages/airflow/models/baseoperator.py", line 400, in wrapper
    return func(self, *args, **kwargs)
           ^^^^^^^^^^^^^^^^^^^^^^^^^^^
  File "/home/airflow/.local/lib/python3.12/site-packages/airflow/operators/python.py", line 235, in execute
    return_value = self.execute_callable()
                   ^^^^^^^^^^^^^^^^^^^^^^^
  File "/home/airflow/.local/lib/python3.12/site-packages/airflow/operators/python.py", line 252, in execute_callable
    return self.python_callable(*self.op_args, **self.op_kwargs)
           ^^^^^^^^^^^^^^^^^^^^^^^^^^^^^^^^^^^^^^^^^^^^^^^^^^^^^
  File "/opt/airflow/dags/job_pipeline_dag.py", line 78, in scrape_wuzzuf
    from scraper.mock_data_generator import generate
ModuleNotFoundError: No module named 'scraper.mock_data_generator'
[2026-04-13T05:33:12.106+0000] {taskinstance.py:1206} INFO - Marking task as UP_FOR_RETRY. dag_id=egyptian_job_market_pipeline, task_id=scrape_wuzzuf, run_id=scheduled__2026-04-11T06:00:00+00:00, execution_date=20260411T060000, start_date=20260413T053311, end_date=20260413T053312
[2026-04-13T05:33:12.123+0000] {standard_task_runner.py:110} ERROR - Failed to execute job 3 for task scrape_wuzzuf (No module named 'scraper.mock_data_generator'; 265)
[2026-04-13T05:33:12.173+0000] {local_task_job_runner.py:240} INFO - Task exited with return code 1
[2026-04-13T05:33:12.204+0000] {taskinstance.py:3498} INFO - 0 downstream tasks scheduled from follow-on schedule check
[2026-04-13T05:33:12.207+0000] {local_task_job_runner.py:222} INFO - ::endgroup::
