[2026-04-13T05:23:59.945+0000] {manager.py:470} INFO - Processing files using up to 2 processes at a time 
[2026-04-13T05:23:59.947+0000] {manager.py:471} INFO - Process each file at most once every 30 seconds
[2026-04-13T05:23:59.948+0000] {manager.py:472} INFO - Checking for new files in /opt/airflow/dags every 300 seconds
[2026-04-13T05:23:59.949+0000] {manager.py:737} INFO - Searching for files in /opt/airflow/dags
[2026-04-13T05:23:59.972+0000] {manager.py:740} INFO - There are 1 files in /opt/airflow/dags
[2026-04-13T05:24:00.077+0000] {manager.py:878} INFO - 
================================================================================
DAG File Processing Stats

File Path                                PID  Runtime      # DAGs    # Errors  Last Runtime    Last Run
-------------------------------------  -----  ---------  --------  ----------  --------------  ----------
/opt/airflow/dags/job_pipeline_dag.py    172  0.04s             0           0
================================================================================
[2026-04-13T05:24:29.488+0000] {manager.py:878} INFO - 
================================================================================
DAG File Processing Stats

File Path                              PID    Runtime      # DAGs    # Errors  Last Runtime    Last Run
-------------------------------------  -----  ---------  --------  ----------  --------------  -------------------
/opt/airflow/dags/job_pipeline_dag.py                           0           1  0.11s           2026-04-13T05:24:00
================================================================================
[2026-04-13T05:24:58.908+0000] {manager.py:878} INFO - 
================================================================================
DAG File Processing Stats

File Path                              PID    Runtime      # DAGs    # Errors  Last Runtime    Last Run
-------------------------------------  -----  ---------  --------  ----------  --------------  -------------------
/opt/airflow/dags/job_pipeline_dag.py                           0           1  2.17s           2026-04-13T05:24:32
================================================================================
[2026-04-13T05:25:27.852+0000] {manager.py:878} INFO - 
================================================================================
DAG File Processing Stats

File Path                              PID    Runtime      # DAGs    # Errors  Last Runtime    Last Run
-------------------------------------  -----  ---------  --------  ----------  --------------  -------------------
/opt/airflow/dags/job_pipeline_dag.py                           0           1  0.15s           2026-04-13T05:25:03
================================================================================
[2026-04-13T05:25:56.953+0000] {manager.py:878} INFO - 
================================================================================
DAG File Processing Stats

File Path                              PID    Runtime      # DAGs    # Errors  Last Runtime    Last Run
-------------------------------------  -----  ---------  --------  ----------  --------------  -------------------
/opt/airflow/dags/job_pipeline_dag.py                           0           1  0.36s           2026-04-13T05:25:34
================================================================================
[2026-04-13T05:26:25.955+0000] {manager.py:878} INFO - 
================================================================================
DAG File Processing Stats

File Path                              PID    Runtime      # DAGs    # Errors  Last Runtime    Last Run
-------------------------------------  -----  ---------  --------  ----------  --------------  -------------------
/opt/airflow/dags/job_pipeline_dag.py                           0           1  0.13s           2026-04-13T05:26:05
================================================================================
[2026-04-13T05:26:54.905+0000] {manager.py:878} INFO - 
================================================================================
DAG File Processing Stats

File Path                              PID    Runtime      # DAGs    # Errors  Last Runtime    Last Run
-------------------------------------  -----  ---------  --------  ----------  --------------  -------------------
/opt/airflow/dags/job_pipeline_dag.py                           0           1  0.15s           2026-04-13T05:26:36
================================================================================
[2026-04-13T05:27:23.926+0000] {manager.py:878} INFO - 
================================================================================
DAG File Processing Stats

File Path                              PID    Runtime      # DAGs    # Errors  Last Runtime    Last Run
-------------------------------------  -----  ---------  --------  ----------  --------------  -------------------
/opt/airflow/dags/job_pipeline_dag.py                           0           1  0.12s           2026-04-13T05:27:07
================================================================================
[2026-04-13T05:27:52.841+0000] {manager.py:878} INFO - 
================================================================================
DAG File Processing Stats

File Path                              PID    Runtime      # DAGs    # Errors  Last Runtime    Last Run
-------------------------------------  -----  ---------  --------  ----------  --------------  -------------------
/opt/airflow/dags/job_pipeline_dag.py                           0           1  0.11s           2026-04-13T05:27:38
================================================================================
[2026-04-13T05:28:21.713+0000] {manager.py:878} INFO - 
================================================================================
DAG File Processing Stats

File Path                              PID    Runtime      # DAGs    # Errors  Last Runtime    Last Run
-------------------------------------  -----  ---------  --------  ----------  --------------  -------------------
/opt/airflow/dags/job_pipeline_dag.py                           1           0  0.83s           2026-04-13T05:28:09
================================================================================
[2026-04-13T05:28:50.815+0000] {manager.py:878} INFO - 
================================================================================
DAG File Processing Stats

File Path                              PID    Runtime      # DAGs    # Errors  Last Runtime    Last Run
-------------------------------------  -----  ---------  --------  ----------  --------------  -------------------
/opt/airflow/dags/job_pipeline_dag.py                           1           0  0.18s           2026-04-13T05:28:40
================================================================================
[2026-04-13T05:29:00.027+0000] {manager.py:737} INFO - Searching for files in /opt/airflow/dags
[2026-04-13T05:29:00.054+0000] {manager.py:740} INFO - There are 1 files in /opt/airflow/dags
[2026-04-13T05:29:19.726+0000] {manager.py:878} INFO - 
================================================================================
DAG File Processing Stats

File Path                              PID    Runtime      # DAGs    # Errors  Last Runtime    Last Run
-------------------------------------  -----  ---------  --------  ----------  --------------  -------------------
/opt/airflow/dags/job_pipeline_dag.py                           1           0  0.17s           2026-04-13T05:29:11
================================================================================
[2026-04-13T05:29:48.743+0000] {manager.py:878} INFO - 
================================================================================
DAG File Processing Stats

File Path                              PID    Runtime      # DAGs    # Errors  Last Runtime    Last Run
-------------------------------------  -----  ---------  --------  ----------  --------------  -------------------
/opt/airflow/dags/job_pipeline_dag.py                           1           0  0.18s           2026-04-13T05:29:42
================================================================================
[2026-04-13T05:30:17.721+0000] {manager.py:878} INFO - 
================================================================================
DAG File Processing Stats

File Path                              PID    Runtime      # DAGs    # Errors  Last Runtime    Last Run
-------------------------------------  -----  ---------  --------  ----------  --------------  -------------------
/opt/airflow/dags/job_pipeline_dag.py                           1           0  0.19s           2026-04-13T05:30:12
================================================================================
