[2026-04-13T05:38:16.947+0000] {local_task_job_runner.py:120} INFO - ::group::Pre task execution logs
[2026-04-13T05:38:16.995+0000] {taskinstance.py:2076} INFO - Dependencies all met for dep_context=non-requeueable deps ti=<TaskInstance: egyptian_job_market_pipeline.pipeline_summary scheduled__2026-04-11T06:00:00+00:00 [queued]>
[2026-04-13T05:38:17.009+0000] {taskinstance.py:2076} INFO - Dependencies all met for dep_context=requeueable deps ti=<TaskInstance: egyptian_job_market_pipeline.pipeline_summary scheduled__2026-04-11T06:00:00+00:00 [queued]>
[2026-04-13T05:38:17.010+0000] {taskinstance.py:2306} INFO - Starting attempt 1 of 3
[2026-04-13T05:38:17.026+0000] {taskinstance.py:2330} INFO - Executing <Task(PythonOperator): pipeline_summary> on 2026-04-11 06:00:00+00:00
[2026-04-13T05:38:17.039+0000] {standard_task_runner.py:90} INFO - Running: ['***', 'tasks', 'run', 'egyptian_job_market_pipeline', 'pipeline_summary', 'scheduled__2026-04-11T06:00:00+00:00', '--job-id', '5', '--raw', '--subdir', 'DAGS_FOLDER/job_pipeline_dag.py', '--cfg-path', '/tmp/tmp4zp5ed90']
[2026-04-13T05:38:17.041+0000] {logging_mixin.py:188} WARNING - /home/***/.local/lib/python3.12/site-packages/***/task/task_runner/standard_task_runner.py:61 DeprecationWarning: This process (pid=318) is multi-threaded, use of fork() may lead to deadlocks in the child.
[2026-04-13T05:38:17.042+0000] {standard_task_runner.py:91} INFO - Job 5: Subtask pipeline_summary
[2026-04-13T05:38:17.042+0000] {standard_task_runner.py:63} INFO - Started process 319 to run task
[2026-04-13T05:38:17.134+0000] {task_command.py:426} INFO - Running <TaskInstance: egyptian_job_market_pipeline.pipeline_summary scheduled__2026-04-11T06:00:00+00:00 [running]> on host 94af5424b59b
[2026-04-13T05:38:17.251+0000] {taskinstance.py:2648} INFO - Exporting env vars: AIRFLOW_CTX_DAG_OWNER='salma' AIRFLOW_CTX_DAG_ID='egyptian_job_market_pipeline' AIRFLOW_CTX_TASK_ID='pipeline_summary' AIRFLOW_CTX_EXECUTION_DATE='2026-04-11T06:00:00+00:00' AIRFLOW_CTX_TRY_NUMBER='1' AIRFLOW_CTX_DAG_RUN_ID='scheduled__2026-04-11T06:00:00+00:00'
[2026-04-13T05:38:17.252+0000] {taskinstance.py:430} INFO - ::endgroup::
[2026-04-13T05:38:17.339+0000] {job_pipeline_dag.py:289} INFO - =======================================================
[2026-04-13T05:38:17.340+0000] {job_pipeline_dag.py:290} INFO - PIPELINE RUN SUMMARY — 2026-04-11
[2026-04-13T05:38:17.341+0000] {job_pipeline_dag.py:291} INFO -   Raw jobs scraped  : 0
[2026-04-13T05:38:17.341+0000] {job_pipeline_dag.py:292} INFO -   Published to Kafka: 0
[2026-04-13T05:38:17.342+0000] {job_pipeline_dag.py:293} INFO -   Cleaned jobs      : 0
[2026-04-13T05:38:17.342+0000] {job_pipeline_dag.py:294} INFO -   Staging files     : 0
[2026-04-13T05:38:17.343+0000] {job_pipeline_dag.py:295} INFO -   Kafka mode        : unknown
[2026-04-13T05:38:17.343+0000] {job_pipeline_dag.py:296} INFO - =======================================================
[2026-04-13T05:38:17.344+0000] {python.py:237} INFO - Done. Returned value was: {'run_date': '2026-04-11', 'raw_jobs': 0, 'published': 0, 'cleaned': 0, 'staging_files': 0, 'kafka_mode': 'unknown'}
[2026-04-13T05:38:17.345+0000] {taskinstance.py:441} INFO - ::group::Post task execution logs
[2026-04-13T05:38:17.380+0000] {taskinstance.py:1206} INFO - Marking task as SUCCESS. dag_id=egyptian_job_market_pipeline, task_id=pipeline_summary, run_id=scheduled__2026-04-11T06:00:00+00:00, execution_date=20260411T060000, start_date=20260413T053816, end_date=20260413T053817
[2026-04-13T05:38:17.425+0000] {local_task_job_runner.py:240} INFO - Task exited with return code 0
[2026-04-13T05:38:17.461+0000] {taskinstance.py:3498} INFO - 0 downstream tasks scheduled from follow-on schedule check
[2026-04-13T05:38:17.464+0000] {local_task_job_runner.py:222} INFO - ::endgroup::
